D:\WORKS\SRC\QT\TEST\UNTITLED1\X64\RELEASE\WIDGET.OBJ
D:\WORKS\SRC\QT\TEST\UNTITLED1\X64\RELEASE\MAIN.OBJ
D:\WORKS\SRC\QT\TEST\UNTITLED1\X64\RELEASE\MODEL.OBJ
D:\WORKS\SRC\QT\TEST\UNTITLED1\X64\RELEASE\GEOENGINE.OBJ
D:\WORKS\SRC\QT\TEST\UNTITLED1\X64\RELEASE\MOC_WIDGET.OBJ
D:\WORKS\SRC\QT\TEST\UNTITLED1\X64\RELEASE\VC110.PDB
D:\WORKS\SRC\QT\TEST\UNTITLED1\GENERATEDFILES\RELEASE\MOC_WIDGET.CPP
D:\WORKS\SRC\QT\TEST\UNTITLED1\X64\RELEASE\UNTITLED1.EXE
D:\works\src\Qt\test\untitled1\x64\Release\GeoEngine.obj
D:\works\src\Qt\test\untitled1\x64\Release\main.obj
D:\works\src\Qt\test\untitled1\x64\Release\moc_widget.obj
D:\works\src\Qt\test\untitled1\x64\Release\model.obj
D:\works\src\Qt\test\untitled1\x64\Release\widget.obj
D:\works\src\Qt\test\untitled1\x64\Release\cl.command.1.tlog
D:\works\src\Qt\test\untitled1\x64\Release\CL.read.1.tlog
D:\works\src\Qt\test\untitled1\x64\Release\CL.write.1.tlog
D:\works\src\Qt\test\untitled1\x64\Release\custombuild.command.1.tlog
D:\works\src\Qt\test\untitled1\x64\Release\custombuild.read.1.tlog
D:\works\src\Qt\test\untitled1\x64\Release\custombuild.write.1.tlog
D:\works\src\Qt\test\untitled1\x64\Release\link-cvtres.read.1.tlog
D:\works\src\Qt\test\untitled1\x64\Release\link-cvtres.write.1.tlog
D:\works\src\Qt\test\untitled1\x64\Release\link-rc.read.1.tlog
D:\works\src\Qt\test\untitled1\x64\Release\link-rc.write.1.tlog
D:\works\src\Qt\test\untitled1\x64\Release\link.command.1.tlog
D:\works\src\Qt\test\untitled1\x64\Release\link.read.1.tlog
D:\works\src\Qt\test\untitled1\x64\Release\link.write.1.tlog
D:\works\src\Qt\test\untitled1\x64\Release\vc110.pdb
D:\works\src\QT\test\untitled1\x64\Release\untitled1.exe
